This file contains any messages produced by compilers while
running configure, to aid debugging if configure makes a mistake.

It was created by mikrolog configure 1.0, which was
generated by GNU Autoconf 2.69.  Invocation command line was

  $ /home/javad/software/eclipse-workspace/mikrolog/configure --no-create --no-recursion

## --------- ##
## Platform. ##
## --------- ##

hostname = HomePC
uname -m = x86_64
uname -r = 5.4.0-65-generic
uname -s = Linux
uname -v = #73-Ubuntu SMP Mon Jan 18 17:25:17 UTC 2021

/usr/bin/uname -p = unknown
/bin/uname -X     = unknown

/bin/arch              = unknown
/usr/bin/arch -k       = unknown
/usr/convex/getsysinfo = unknown
/usr/bin/hostinfo      = unknown
/bin/machine           = unknown
/usr/bin/oslevel       = unknown
/bin/universe          = unknown

PATH: /home/javad/.local/bin
PATH: /home/javad/bin
PATH: /usr/local/sbin
PATH: /usr/local/bin
PATH: /usr/sbin
PATH: /usr/bin
PATH: /sbin
PATH: /bin
PATH: /usr/games
PATH: /usr/local/games
PATH: /snap/bin


## ----------- ##
## Core tests. ##
## ----------- ##

configure:1844: checking build system type
configure:1858: result: x86_64-pc-linux-gnu
configure:1878: checking host system type
configure:1891: result: x86_64-pc-linux-gnu
configure:1911: checking target system type
configure:1924: result: x86_64-pc-linux-gnu
configure:1967: checking for a BSD-compatible install
configure:2035: result: /usr/bin/install -c
configure:2046: checking whether build environment is sane
configure:2101: result: yes
configure:2250: checking for a thread-safe mkdir -p
configure:2289: result: /bin/mkdir -p
configure:2296: checking for gawk
configure:2312: found /usr/bin/gawk
configure:2323: result: gawk
configure:2334: checking whether make sets $(MAKE)
configure:2356: result: yes
configure:2385: checking whether make supports nested variables
configure:2402: result: yes
configure:2587: checking for g++
configure:2603: found /usr/bin/g++
configure:2614: result: g++
configure:2641: checking for C++ compiler version
configure:2650: g++ --version >&5
g++ (Ubuntu 9.3.0-17ubuntu1~20.04) 9.3.0
Copyright (C) 2019 Free Software Foundation, Inc.
This is free software; see the source for copying conditions.  There is NO
warranty; not even for MERCHANTABILITY or FITNESS FOR A PARTICULAR PURPOSE.

configure:2661: $? = 0
configure:2650: g++ -v >&5
Using built-in specs.
COLLECT_GCC=g++
COLLECT_LTO_WRAPPER=/usr/lib/gcc/x86_64-linux-gnu/9/lto-wrapper
OFFLOAD_TARGET_NAMES=nvptx-none:hsa
OFFLOAD_TARGET_DEFAULT=1
Target: x86_64-linux-gnu
Configured with: ../src/configure -v --with-pkgversion='Ubuntu 9.3.0-17ubuntu1~20.04' --with-bugurl=file:///usr/share/doc/gcc-9/README.Bugs --enable-languages=c,ada,c++,go,brig,d,fortran,objc,obj-c++,gm2 --prefix=/usr --with-gcc-major-version-only --program-suffix=-9 --program-prefix=x86_64-linux-gnu- --enable-shared --enable-linker-build-id --libexecdir=/usr/lib --without-included-gettext --enable-threads=posix --libdir=/usr/lib --enable-nls --enable-clocale=gnu --enable-libstdcxx-debug --enable-libstdcxx-time=yes --with-default-libstdcxx-abi=new --enable-gnu-unique-object --disable-vtable-verify --enable-plugin --enable-default-pie --with-system-zlib --with-target-system-zlib=auto --enable-objc-gc=auto --enable-multiarch --disable-werror --with-arch-32=i686 --with-abi=m64 --with-multilib-list=m32,m64,mx32 --enable-multilib --with-tune=generic --enable-offload-targets=nvptx-none=/build/gcc-9-HskZEa/gcc-9-9.3.0/debian/tmp-nvptx/usr,hsa --without-cuda-driver --enable-checking=release --build=x86_64-linux-gnu --host=x86_64-linux-gnu --target=x86_64-linux-gnu
Thread model: posix
gcc version 9.3.0 (Ubuntu 9.3.0-17ubuntu1~20.04) 
configure:2661: $? = 0
configure:2650: g++ -V >&5
g++: error: unrecognized command line option '-V'
g++: fatal error: no input files
compilation terminated.
configure:2661: $? = 1
configure:2650: g++ -qversion >&5
g++: error: unrecognized command line option '-qversion'; did you mean '--version'?
g++: fatal error: no input files
compilation terminated.
configure:2661: $? = 1
configure:2681: checking whether the C++ compiler works
configure:2703: g++    conftest.cpp  >&5
configure:2707: $? = 0
configure:2755: result: yes
configure:2758: checking for C++ compiler default output file name
configure:2760: result: a.out
configure:2766: checking for suffix of executables
configure:2773: g++ -o conftest    conftest.cpp  >&5
configure:2777: $? = 0
configure:2799: result: 
configure:2821: checking whether we are cross compiling
configure:2829: g++ -o conftest    conftest.cpp  >&5
configure:2833: $? = 0
configure:2840: ./conftest
configure:2844: $? = 0
configure:2832: result: no
configure:2837: checking for suffix of object files
configure:2859: g++ -c   conftest.cpp >&5
configure:2863: $? = 0
configure:2884: result: o
configure:2888: checking whether we are using the GNU C++ compiler
configure:2907: g++ -c   conftest.cpp >&5
configure:2907: $? = 0
configure:2916: result: yes
configure:2925: checking whether g++ accepts -g
configure:2945: g++ -c -g  conftest.cpp >&5
configure:2945: $? = 0
configure:2986: result: yes
configure:3012: checking whether make supports the include directive
configure:3027: make -f confmf.GNU && cat confinc.out
make[1]: Entering directory '/home/javad/software/eclipse-workspace/mikrolog'
make[1]: Leaving directory '/home/javad/software/eclipse-workspace/mikrolog'
this is the am__doit target
configure:3030: $? = 0
configure:3049: result: yes (GNU style)
configure:3074: checking dependency style of g++
configure:3185: result: gcc3
configure:3340: checking that generated files are newer than configure
configure:3346: result: done
configure:3369: creating ./config.status

## ---------------- ##
## Cache variables. ##
## ---------------- ##

ac_cv_build=x86_64-pc-linux-gnu
ac_cv_cxx_compiler_gnu=yes
ac_cv_env_CCC_set=
ac_cv_env_CCC_value=
ac_cv_env_CPPFLAGS_set=
ac_cv_env_CPPFLAGS_value=
ac_cv_env_CXXFLAGS_set=
ac_cv_env_CXXFLAGS_value=
ac_cv_env_CXX_set=
ac_cv_env_CXX_value=
ac_cv_env_LDFLAGS_set=
ac_cv_env_LDFLAGS_value=
ac_cv_env_LIBS_set=
ac_cv_env_LIBS_value=
ac_cv_env_build_alias_set=
ac_cv_env_build_alias_value=
ac_cv_env_host_alias_set=
ac_cv_env_host_alias_value=
ac_cv_env_target_alias_set=
ac_cv_env_target_alias_value=
ac_cv_host=x86_64-pc-linux-gnu
ac_cv_objext=o
ac_cv_path_install='/usr/bin/install -c'
ac_cv_path_mkdir=/bin/mkdir
ac_cv_prog_AWK=gawk
ac_cv_prog_ac_ct_CXX=g++
ac_cv_prog_cxx_g=yes
ac_cv_prog_make_make_set=yes
ac_cv_target=x86_64-pc-linux-gnu
am_cv_CXX_dependencies_compiler_type=gcc3
am_cv_make_support_nested_variables=yes

## ----------------- ##
## Output variables. ##
## ----------------- ##

ACLOCAL='${SHELL} /home/javad/software/eclipse-workspace/mikrolog/missing aclocal-1.16'
AMDEPBACKSLASH='\'
AMDEP_FALSE='#'
AMDEP_TRUE=''
AMTAR='$${TAR-tar}'
AM_BACKSLASH='\'
AM_DEFAULT_V='$(AM_DEFAULT_VERBOSITY)'
AM_DEFAULT_VERBOSITY='1'
AM_V='$(V)'
AUTOCONF='${SHELL} /home/javad/software/eclipse-workspace/mikrolog/missing autoconf'
AUTOHEADER='${SHELL} /home/javad/software/eclipse-workspace/mikrolog/missing autoheader'
AUTOMAKE='${SHELL} /home/javad/software/eclipse-workspace/mikrolog/missing automake-1.16'
AWK='gawk'
CPPFLAGS=''
CXX='g++'
CXXDEPMODE='depmode=gcc3'
CXXFLAGS='-g -O2'
CYGPATH_W='echo'
DEFS='-DPACKAGE_NAME=\"mikrolog\" -DPACKAGE_TARNAME=\"mikrolog\" -DPACKAGE_VERSION=\"1.0\" -DPACKAGE_STRING=\"mikrolog\ 1.0\" -DPACKAGE_BUGREPORT=\"\" -DPACKAGE_URL=\"\" -DPACKAGE=\"mikrolog\" -DVERSION=\"1.0\"'
DEPDIR='.deps'
ECHO_C=''
ECHO_N='-n'
ECHO_T=''
EXEEXT=''
INSTALL_DATA='${INSTALL} -m 644'
INSTALL_PROGRAM='${INSTALL}'
INSTALL_SCRIPT='${INSTALL}'
INSTALL_STRIP_PROGRAM='$(install_sh) -c -s'
LDFLAGS=''
LIBOBJS=''
LIBS=''
LTLIBOBJS=''
MAKEINFO='${SHELL} /home/javad/software/eclipse-workspace/mikrolog/missing makeinfo'
MKDIR_P='/bin/mkdir -p'
OBJEXT='o'
PACKAGE='mikrolog'
PACKAGE_BUGREPORT=''
PACKAGE_NAME='mikrolog'
PACKAGE_STRING='mikrolog 1.0'
PACKAGE_TARNAME='mikrolog'
PACKAGE_URL=''
PACKAGE_VERSION='1.0'
PATH_SEPARATOR=':'
SET_MAKE=''
SHELL='/bin/bash'
STRIP=''
VERSION='1.0'
ac_ct_CXX='g++'
am__EXEEXT_FALSE=''
am__EXEEXT_TRUE='#'
am__fastdepCXX_FALSE='#'
am__fastdepCXX_TRUE=''
am__include='include'
am__isrc=''
am__leading_dot='.'
am__nodep='_no'
am__quote=''
am__tar='$${TAR-tar} chof - "$$tardir"'
am__untar='$${TAR-tar} xf -'
bindir='${exec_prefix}/bin'
build='x86_64-pc-linux-gnu'
build_alias=''
build_cpu='x86_64'
build_os='linux-gnu'
build_vendor='pc'
datadir='${datarootdir}'
datarootdir='${prefix}/share'
docdir='${datarootdir}/doc/${PACKAGE_TARNAME}'
dvidir='${docdir}'
exec_prefix='${prefix}'
host='x86_64-pc-linux-gnu'
host_alias=''
host_cpu='x86_64'
host_os='linux-gnu'
host_vendor='pc'
htmldir='${docdir}'
includedir='${prefix}/include'
infodir='${datarootdir}/info'
install_sh='${SHELL} /home/javad/software/eclipse-workspace/mikrolog/install-sh'
libdir='${exec_prefix}/lib'
libexecdir='${exec_prefix}/libexec'
localedir='${datarootdir}/locale'
localstatedir='${prefix}/var'
mandir='${datarootdir}/man'
mkdir_p='$(MKDIR_P)'
oldincludedir='/usr/include'
pdfdir='${docdir}'
prefix='/usr/local'
program_transform_name='s,x,x,'
psdir='${docdir}'
runstatedir='${localstatedir}/run'
sbindir='${exec_prefix}/sbin'
sharedstatedir='${prefix}/com'
sysconfdir='${prefix}/etc'
target='x86_64-pc-linux-gnu'
target_alias=''
target_cpu='x86_64'
target_os='linux-gnu'
target_vendor='pc'

## ----------- ##
## confdefs.h. ##
## ----------- ##

/* confdefs.h */
#define PACKAGE_NAME "mikrolog"
#define PACKAGE_TARNAME "mikrolog"
#define PACKAGE_VERSION "1.0"
#define PACKAGE_STRING "mikrolog 1.0"
#define PACKAGE_BUGREPORT ""
#define PACKAGE_URL ""
#define PACKAGE "mikrolog"
#define VERSION "1.0"

configure: exit 0

## ---------------------- ##
## Running config.status. ##
## ---------------------- ##

This file was extended by mikrolog config.status 1.0, which was
generated by GNU Autoconf 2.69.  Invocation command line was

  CONFIG_FILES    = 
  CONFIG_HEADERS  = 
  CONFIG_LINKS    = 
  CONFIG_COMMANDS = 
  $ ./config.status 

on HomePC

config.status:782: creating Makefile
config.status:782: creating src/Makefile
config.status:954: executing depfiles commands
config.status:1031: cd src       && sed -e '/# am--include-marker/d' Makefile         | make -f - am--depfiles
make[1]: Entering directory '/home/javad/software/eclipse-workspace/mikrolog/src'
make[1]: Leaving directory '/home/javad/software/eclipse-workspace/mikrolog/src'
config.status:1036: $? = 0

## ---------------------- ##
## Running config.status. ##
## ---------------------- ##

This file was extended by mikrolog config.status 1.0, which was
generated by GNU Autoconf 2.69.  Invocation command line was

  CONFIG_FILES    = 
  CONFIG_HEADERS  = 
  CONFIG_LINKS    = 
  CONFIG_COMMANDS = 
  $ ./config.status Makefile

on HomePC

config.status:782: creating Makefile

## ---------------------- ##
## Running config.status. ##
## ---------------------- ##

This file was extended by mikrolog config.status 1.0, which was
generated by GNU Autoconf 2.69.  Invocation command line was

  CONFIG_FILES    = 
  CONFIG_HEADERS  = 
  CONFIG_LINKS    = 
  CONFIG_COMMANDS = 
  $ ./config.status src/Makefile depfiles

on HomePC

config.status:782: creating src/Makefile
config.status:954: executing depfiles commands
config.status:1031: cd src       && sed -e '/# am--include-marker/d' Makefile         | make -f - am--depfiles
make[2]: Entering directory '/home/javad/software/eclipse-workspace/mikrolog/src'
make[2]: Nothing to be done for 'am--depfiles'.
make[2]: Leaving directory '/home/javad/software/eclipse-workspace/mikrolog/src'
config.status:1036: $? = 0
